
*** Running vivado
    with args -log BRAM_blk_mem_gen_0_0.vds -m64 -product Vivado -mode batch -messageDb vivado.pb -notrace -source BRAM_blk_mem_gen_0_0.tcl

awk: symbol lookup error: awk: undefined symbol: mpfr_z_sub

****** Vivado v2016.4 (64-bit)
  **** SW Build 1756540 on Mon Jan 23 19:11:19 MST 2017
  **** IP Build 1755317 on Mon Jan 23 20:30:07 MST 2017
    ** Copyright 1986-2016 Xilinx, Inc. All Rights Reserved.

source BRAM_blk_mem_gen_0_0.tcl -notrace
awk: symbol lookup error: awk: undefined symbol: mpfr_z_sub
Starting RTL Elaboration : Time (s): cpu = 00:00:08 ; elapsed = 00:00:09 . Memory (MB): peak = 1066.562 ; gain = 136.098 ; free physical = 3198 ; free virtual = 13496
INFO: [Synth 8-638] synthesizing module 'BRAM_blk_mem_gen_0_0' [/home/prabhat/DataPath/DataPath.srcs/sources_1/bd/BRAM/ip/BRAM_blk_mem_gen_0_0/synth/BRAM_blk_mem_gen_0_0.vhd:71]
INFO: [Synth 8-256] done synthesizing module 'BRAM_blk_mem_gen_0_0' (9#1) [/home/prabhat/DataPath/DataPath.srcs/sources_1/bd/BRAM/ip/BRAM_blk_mem_gen_0_0/synth/BRAM_blk_mem_gen_0_0.vhd:71]
Finished RTL Elaboration : Time (s): cpu = 00:01:03 ; elapsed = 00:01:04 . Memory (MB): peak = 1266.234 ; gain = 335.770 ; free physical = 3546 ; free virtual = 13841
Finished RTL Optimization Phase 1 : Time (s): cpu = 00:01:03 ; elapsed = 00:01:05 . Memory (MB): peak = 1266.234 ; gain = 335.770 ; free physical = 3546 ; free virtual = 13840
INFO: [Device 21-403] Loading part xc7a35tcpg236-1
Constraint Validation Runtime : Time (s): cpu = 00:00:00.01 ; elapsed = 00:00:00.04 . Memory (MB): peak = 1334.250 ; gain = 0.000 ; free physical = 3513 ; free virtual = 13828
Finished Constraint Validation : Time (s): cpu = 00:01:10 ; elapsed = 00:01:14 . Memory (MB): peak = 1334.250 ; gain = 403.785 ; free physical = 3512 ; free virtual = 13827
Finished Loading Part and Timing Information : Time (s): cpu = 00:01:10 ; elapsed = 00:01:14 . Memory (MB): peak = 1334.250 ; gain = 403.785 ; free physical = 3512 ; free virtual = 13827
Finished applying 'set_property' XDC Constraints : Time (s): cpu = 00:01:10 ; elapsed = 00:01:14 . Memory (MB): peak = 1334.250 ; gain = 403.785 ; free physical = 3512 ; free virtual = 13827
Finished RTL Optimization Phase 2 : Time (s): cpu = 00:01:11 ; elapsed = 00:01:14 . Memory (MB): peak = 1334.250 ; gain = 403.785 ; free physical = 3505 ; free virtual = 13820
Finished Cross Boundary and Area Optimization : Time (s): cpu = 00:01:11 ; elapsed = 00:01:14 . Memory (MB): peak = 1334.250 ; gain = 403.785 ; free physical = 3505 ; free virtual = 13821
Finished Applying XDC Timing Constraints : Time (s): cpu = 00:01:17 ; elapsed = 00:01:20 . Memory (MB): peak = 1354.250 ; gain = 423.785 ; free physical = 3458 ; free virtual = 13780
Finished Timing Optimization : Time (s): cpu = 00:01:17 ; elapsed = 00:01:20 . Memory (MB): peak = 1354.250 ; gain = 423.785 ; free physical = 3458 ; free virtual = 13780
Finished Technology Mapping : Time (s): cpu = 00:01:17 ; elapsed = 00:01:20 . Memory (MB): peak = 1364.266 ; gain = 433.801 ; free physical = 3449 ; free virtual = 13771
Finished IO Insertion : Time (s): cpu = 00:01:17 ; elapsed = 00:01:21 . Memory (MB): peak = 1364.266 ; gain = 433.801 ; free physical = 3449 ; free virtual = 13771
Finished Renaming Generated Instances : Time (s): cpu = 00:01:17 ; elapsed = 00:01:21 . Memory (MB): peak = 1364.266 ; gain = 433.801 ; free physical = 3449 ; free virtual = 13771
Finished Rebuilding User Hierarchy : Time (s): cpu = 00:01:18 ; elapsed = 00:01:21 . Memory (MB): peak = 1364.266 ; gain = 433.801 ; free physical = 3449 ; free virtual = 13771
Finished Renaming Generated Ports : Time (s): cpu = 00:01:18 ; elapsed = 00:01:21 . Memory (MB): peak = 1364.266 ; gain = 433.801 ; free physical = 3449 ; free virtual = 13771
Finished Handling Custom Attributes : Time (s): cpu = 00:01:18 ; elapsed = 00:01:21 . Memory (MB): peak = 1364.266 ; gain = 433.801 ; free physical = 3448 ; free virtual = 13771
Finished Renaming Generated Nets : Time (s): cpu = 00:01:18 ; elapsed = 00:01:21 . Memory (MB): peak = 1364.266 ; gain = 433.801 ; free physical = 3448 ; free virtual = 13771

Report Cell Usage: 
+------+---------+------+
|      |Cell     |Count |
+------+---------+------+
|1     |RAMB36E1 |     2|
+------+---------+------+
Finished Writing Synthesis Report : Time (s): cpu = 00:01:18 ; elapsed = 00:01:21 . Memory (MB): peak = 1364.266 ; gain = 433.801 ; free physical = 3448 ; free virtual = 13771
synth_design: Time (s): cpu = 00:01:15 ; elapsed = 00:01:18 . Memory (MB): peak = 1382.781 ; gain = 382.801 ; free physical = 3428 ; free virtual = 13753
