Copyright 1986-2016 Xilinx, Inc. All Rights Reserved.
----------------------------------------------------------------------------------------------------------------------------
| Tool Version     : Vivado v.2016.4 (lin64) Build 1756540 Mon Jan 23 19:11:19 MST 2017
| Date             : Sat Apr 28 23:39:06 2018
| Host             : prabhat-Lenovo-ideapad-510-15IKB running 64-bit Ubuntu 16.04.4 LTS
| Command          : report_power -file DC_power_routed.rpt -pb DC_power_summary_routed.pb -rpx DC_power_routed.rpx
| Design           : DC
| Device           : xc7a35tcpg236-1
| Design State     : routed
| Grade            : commercial
| Process          : typical
| Characterization : Production
----------------------------------------------------------------------------------------------------------------------------

Power Report

Table of Contents
-----------------
1. Summary
1.1 On-Chip Components
1.2 Power Supply Summary
1.3 Confidence Level
2. Settings
2.1 Environment
2.2 Clock Constraints
3. Detailed Reports
3.1 By Hierarchy

1. Summary
----------

+--------------------------+----------------------------------+
| Total On-Chip Power (W)  | 67.630 (Junction temp exceeded!) |
| Dynamic (W)              | 67.145                           |
| Device Static (W)        | 0.485                            |
| Effective TJA (C/W)      | 5.0                              |
| Max Ambient (C)          | 0.0                              |
| Junction Temperature (C) | 125.0                            |
| Confidence Level         | Low                              |
| Setting File             | ---                              |
| Simulation Activity File | ---                              |
| Design Nets Matched      | NA                               |
+--------------------------+----------------------------------+


1.1 On-Chip Components
----------------------

+----------------+-----------+----------+-----------+-----------------+
| On-Chip        | Power (W) | Used     | Available | Utilization (%) |
+----------------+-----------+----------+-----------+-----------------+
| Slice Logic    |    16.296 |     2448 |       --- |             --- |
|   LUT as Logic |    15.806 |     1509 |     20800 |            7.25 |
|   CARRY4       |     0.373 |       59 |      8150 |            0.72 |
|   F7/F8 Muxes  |     0.107 |       87 |     32600 |            0.27 |
|   BUFG         |     0.006 |        1 |        32 |            3.13 |
|   Register     |     0.005 |      589 |     41600 |            1.42 |
|   Others       |     0.000 |       19 |       --- |             --- |
| Signals        |    19.941 |     2332 |       --- |             --- |
| DSPs           |     2.885 |        3 |        90 |            3.33 |
| I/O            |    28.023 |       96 |       106 |           90.57 |
| Static Power   |     0.485 |          |           |                 |
| Total          |    67.630 |          |           |                 |
+----------------+-----------+----------+-----------+-----------------+


1.2 Power Supply Summary
------------------------

+-----------+-------------+-----------+-------------+------------+
| Source    | Voltage (V) | Total (A) | Dynamic (A) | Static (A) |
+-----------+-------------+-----------+-------------+------------+
| Vccint    |       1.000 |    39.599 |      39.259 |      0.341 |
| Vccaux    |       1.800 |     2.336 |       2.283 |      0.053 |
| Vcco33    |       3.300 |     0.000 |       0.000 |      0.000 |
| Vcco25    |       2.500 |     0.000 |       0.000 |      0.000 |
| Vcco18    |       1.800 |    13.211 |      13.210 |      0.001 |
| Vcco15    |       1.500 |     0.000 |       0.000 |      0.000 |
| Vcco135   |       1.350 |     0.000 |       0.000 |      0.000 |
| Vcco12    |       1.200 |     0.000 |       0.000 |      0.000 |
| Vccaux_io |       1.800 |     0.000 |       0.000 |      0.000 |
| Vccbram   |       1.000 |     0.010 |       0.000 |      0.010 |
| MGTAVcc   |       1.000 |     0.000 |       0.000 |      0.000 |
| MGTAVtt   |       1.200 |     0.000 |       0.000 |      0.000 |
| Vccadc    |       1.800 |     0.020 |       0.000 |      0.020 |
+-----------+-------------+-----------+-------------+------------+


1.3 Confidence Level
--------------------

+-----------------------------+------------+--------------------------------------------------------+--------------------------------------------------------------------------------------------------------------------+
| User Input Data             | Confidence | Details                                                | Action                                                                                                             |
+-----------------------------+------------+--------------------------------------------------------+--------------------------------------------------------------------------------------------------------------------+
| Design implementation state | High       | Design is routed                                       |                                                                                                                    |
| Clock nodes activity        | Low        | User specified less than 75% of clocks                 | Provide missing clock activity with a constraint file, simulation results or by editing the "By Clock Domain" view |
| I/O nodes activity          | Low        | More than 75% of inputs are missing user specification | Provide missing input activity with simulation results or by editing the "By Resource Type -> I/Os" view           |
| Internal nodes activity     | Medium     | User specified less than 25% of internal nodes         | Provide missing internal nodes activity with simulation results or by editing the "By Resource Type" views         |
| Device models               | High       | Device models are Production                           |                                                                                                                    |
|                             |            |                                                        |                                                                                                                    |
| Overall confidence level    | Low        |                                                        |                                                                                                                    |
+-----------------------------+------------+--------------------------------------------------------+--------------------------------------------------------------------------------------------------------------------+


2. Settings
-----------

2.1 Environment
---------------

+-----------------------+--------------------------+
| Ambient Temp (C)      | 25.0                     |
| ThetaJA (C/W)         | 5.0                      |
| Airflow (LFM)         | 250                      |
| Heat Sink             | medium (Medium Profile)  |
| ThetaSA (C/W)         | 4.6                      |
| Board Selection       | medium (10"x10")         |
| # of Board Layers     | 12to15 (12 to 15 Layers) |
| Board Temperature (C) | 25.0                     |
+-----------------------+--------------------------+


2.2 Clock Constraints
---------------------

+-------+--------+-----------------+
| Clock | Domain | Constraint (ns) |
+-------+--------+-----------------+


3. Detailed Reports
-------------------

3.1 By Hierarchy
----------------

+--------------------+-----------+
| Name               | Power (W) |
+--------------------+-----------+
| DC                 |    67.145 |
|   Ctrl             |    23.213 |
|     Acontrol       |     1.666 |
|     Bcontrol       |    <0.001 |
|     Decode         |     0.202 |
|       inscd_reg[1] |     0.026 |
|     MC             |     2.411 |
|     States         |    18.934 |
|   DP               |    15.708 |
|     Asrc1_mux      |     1.222 |
|     Asrc2_mux      |     1.796 |
|     DR_write       |     0.074 |
|     E_write        |     1.447 |
|     F_write        |     0.039 |
|     IR_write       |     1.871 |
|     M2r_mux        |     2.126 |
|     Mult           |     3.497 |
|     PC_write       |     0.029 |
|     RES_write      |     0.108 |
|     Reg            |     3.124 |
|     Ssrc1_mux      |     0.374 |
+--------------------+-----------+


