Copyright 1986-2016 Xilinx, Inc. All Rights Reserved.
------------------------------------------------------------------------------------
| Tool Version : Vivado v.2016.4 (lin64) Build 1756540 Mon Jan 23 19:11:19 MST 2017
| Date         : Sun Apr 29 13:24:22 2018
| Host         : prabhat-Lenovo-ideapad-510-15IKB running 64-bit Ubuntu 16.04.4 LTS
| Command      : report_control_sets -verbose -file buss_control_sets_placed.rpt
| Design       : buss
| Device       : xc7a35t
------------------------------------------------------------------------------------

Control Set Information

Table of Contents
-----------------
1. Summary
2. Flip-Flop Distribution
3. Detailed Control Set Information

1. Summary
----------

+----------------------------------------------------------+-------+
|                          Status                          | Count |
+----------------------------------------------------------+-------+
| Number of unique control sets                            |    35 |
| Unused register locations in slices containing registers |    83 |
+----------------------------------------------------------+-------+


2. Flip-Flop Distribution
-------------------------

+--------------+-----------------------+------------------------+-----------------+--------------+
| Clock Enable | Synchronous Set/Reset | Asynchronous Set/Reset | Total Registers | Total Slices |
+--------------+-----------------------+------------------------+-----------------+--------------+
| No           | No                    | No                     |              64 |           39 |
| No           | No                    | Yes                    |               0 |            0 |
| No           | Yes                   | No                     |               2 |            1 |
| Yes          | No                    | No                     |             531 |          223 |
| Yes          | No                    | Yes                    |              64 |           35 |
| Yes          | Yes                   | No                     |               0 |            0 |
+--------------+-----------------------+------------------------+-----------------+--------------+


3. Detailed Control Set Information
-----------------------------------

+------------------------------------------------------+----------------------------------------------------+--------------------------+------------------+----------------+
|                     Clock Signal                     |                    Enable Signal                   |     Set/Reset Signal     | Slice Load Count | Bel Load Count |
+------------------------------------------------------+----------------------------------------------------+--------------------------+------------------+----------------+
|  master/Ctrl/States/t__0_0                           |                                                    |                          |                1 |              1 |
|  master/Ctrl/States/rew_tmp                          |                                                    |                          |                1 |              1 |
|  master/Ctrl/States/FSM_sequential_state_reg[0]_3    |                                                    |                          |                1 |              1 |
|  master/Ctrl/States/temp_reg[0]_3                    |                                                    |                          |                1 |              1 |
|  master/Ctrl/States/temp_reg[0]                      |                                                    |                          |                1 |              1 |
|  master/Ctrl/States/temp_reg[26]                     |                                                    |                          |                1 |              1 |
|  master/Ctrl/Decode/inscd_reg[1]/G0                  |                                                    |                          |                1 |              1 |
|  master/Ctrl/States/memo_reg_1                       |                                                    |                          |                1 |              2 |
|  master/Ctrl/States/FSM_sequential_state_reg[0]_2[0] |                                                    | master/Ctrl/States/AS[1] |                1 |              2 |
|  master/Ctrl/Decode/E[0]                             |                                                    |                          |                1 |              3 |
|  master/Ctrl/Decode/temp_reg[7][0]                   |                                                    |                          |                2 |              4 |
|  master/Ctrl/States/registers_reg[2][31]_0[0]        |                                                    |                          |                2 |              4 |
|  clk_IBUF_BUFG                                       | master/Ctrl/States/FSM_sequential_state[3]_i_1_n_1 |                          |                3 |              4 |
|  master/Ctrl/Decode/temp_reg[1][0]                   |                                                    |                          |                2 |              5 |
|  clk_IBUF_BUFG                                       |                                                    |                          |                6 |              7 |
|  clk_IBUF_BUFG                                       | swit/temp_data[15]_i_1_n_1                         |                          |                6 |             16 |
|  clk_IBUF_BUFG                                       | outp/temp_data[15]_i_1__0_n_1                      |                          |               12 |             31 |
|  clk_IBUF_BUFG                                       | master/Ctrl/States/registers_reg[15][0][0]         | reset_IBUF               |               14 |             32 |
|  clk_IBUF_BUFG                                       | master/Ctrl/States/registers_reg[13][0][0]         |                          |               13 |             32 |
|  clk_IBUF_BUFG                                       | master/Ctrl/States/registers_reg[14][0][0]         |                          |               13 |             32 |
|  n_0_1859_BUFG                                       |                                                    |                          |               18 |             32 |
|  clk_IBUF_BUFG                                       | master/Ctrl/States/registers_reg[12][0][0]         |                          |               12 |             32 |
|  clk_IBUF_BUFG                                       | master/Ctrl/States/registers_reg[11][0]_0[0]       |                          |               13 |             32 |
|  clk_IBUF_BUFG                                       | master/Ctrl/States/registers_reg[10][0][0]         |                          |               17 |             32 |
|  clk_IBUF_BUFG                                       | master/Ctrl/States/registers_reg[0][0]_0[0]        |                          |               16 |             32 |
|  clk_IBUF_BUFG                                       | master/Ctrl/States/registers_reg[1][0][0]          |                          |               18 |             32 |
|  clk_IBUF_BUFG                                       | master/Ctrl/States/registers_reg[2][0][0]          |                          |               11 |             32 |
|  clk_IBUF_BUFG                                       | master/Ctrl/States/registers_reg[3][0][0]          |                          |               11 |             32 |
|  clk_IBUF_BUFG                                       | master/Ctrl/States/registers_reg[4][0][0]          |                          |               12 |             32 |
|  clk_IBUF_BUFG                                       | master/Ctrl/States/registers_reg[5][0][0]          |                          |               10 |             32 |
|  clk_IBUF_BUFG                                       | master/Ctrl/States/registers_reg[6][0][0]          |                          |               14 |             32 |
|  clk_IBUF_BUFG                                       | master/Ctrl/States/registers_reg[7][0][0]          |                          |               14 |             32 |
|  clk_IBUF_BUFG                                       | master/Ctrl/States/registers_reg[8][0][0]          |                          |               13 |             32 |
|  clk_IBUF_BUFG                                       | master/Ctrl/States/registers_reg[9][0][0]          |                          |               15 |             32 |
|  clk_IBUF_BUFG                                       | master/Ctrl/States/E[0]                            | reset_IBUF               |               21 |             32 |
+------------------------------------------------------+----------------------------------------------------+--------------------------+------------------+----------------+


+--------+-----------------------+
| Fanout | Number of ControlSets |
+--------+-----------------------+
| 1      |                     7 |
| 2      |                     2 |
| 3      |                     1 |
| 4      |                     3 |
| 5      |                     1 |
| 7      |                     1 |
| 16+    |                    20 |
+--------+-----------------------+


